<?xml version="1.0" encoding="UTF-8"?>
<!-- Generated by org.testng.reporters.JUnitXMLReporter -->
<testsuite hostname="shupan-zhihuiya" name="zhihuiya_analyzePatent" tests="1" failures="1" timestamp="7 May 2014 09:42:38 GMT" time="48.595" errors="0">
  <testcase name="analyzePatent" time="42.696" classname="Zhihuiya_smokeTest">
    <failure type="java.lang.AssertionError" message="expected [false] but found [true]">
      <![CDATA[java.lang.AssertionError: expected [false] but found [true]
	at Zhihuiya_smokeTest.analyzePatent(Zhihuiya_smokeTest.java:271)
... Removed 29 stack frames]]>
    </failure>
  </testcase> <!-- analyzePatent -->
</testsuite> <!-- zhihuiya_analyzePatent -->
