<?xml version="1.0" encoding="UTF-8"?>
<!-- Generated by org.testng.reporters.JUnitXMLReporter -->
<testsuite hostname="shupan-zhihuiya" name="zhihuiya_email" tests="1" failures="1" timestamp="9 Jun 2014 03:34:30 GMT" time="19.113" errors="0">
  <testcase name="@AfterTest teardown" time="0.0" classname="Zhihuiya_smokeTest">
    <failure type="java.lang.AssertionError" message="expected [false] but found [true]">
        <![CDATA[java.lang.AssertionError: expected [false] but found [true]
	at BaseTestcase.teardown(BaseTestcase.java:120)
... Removed 27 stack frames]]>
    </failure>
  </testcase> <!-- @AfterTest teardown -->
  <testcase name="email_single_tableView" time="13.045" classname="Zhihuiya_smokeTest">
    <failure type="java.lang.AssertionError" message="expected [true] but found [false]">
      <![CDATA[java.lang.AssertionError: expected [true] but found [false]
	at Zhihuiya_smokeTest.email_single_tableView(Zhihuiya_smokeTest.java:2211)
... Removed 29 stack frames]]>
    </failure>
  </testcase> <!-- email_single_tableView -->
</testsuite> <!-- zhihuiya_email -->
