<?xml version="1.0" encoding="UTF-8"?>
<!-- Generated by org.testng.reporters.JUnitXMLReporter -->
<testsuite hostname="shupan-zhihuiya" name="zhihuiya_exportExcel_basicFields" tests="1" failures="1" timestamp="2 Jul 2014 03:22:53 GMT" time="27.926" errors="0">
  <testcase name="@AfterTest teardown" time="0.0" classname="Zhihuiya_smokeTest">
    <failure type="java.lang.AssertionError" message="expected [false] but found [true]">
        <![CDATA[java.lang.AssertionError: expected [false] but found [true]
	at BaseTestcase.teardown(BaseTestcase.java:120)
... Removed 27 stack frames]]>
    </failure>
  </testcase> <!-- @AfterTest teardown -->
  <testcase name="exportExcel_basicFields" time="17.43" classname="Zhihuiya_smokeTest">
    <failure type="java.lang.AssertionError" message="expected [true] but found [false]">
      <![CDATA[java.lang.AssertionError: expected [true] but found [false]
	at Zhihuiya_smokeTest.exportExcel_basicFields(Zhihuiya_smokeTest.java:835)
... Removed 29 stack frames]]>
    </failure>
  </testcase> <!-- exportExcel_basicFields -->
</testsuite> <!-- zhihuiya_exportExcel_basicFields -->
