<?xml version="1.0" encoding="UTF-8"?>
<!-- Generated by org.testng.reporters.JUnitXMLReporter -->
<testsuite hostname="shupan-zhihuiya" name="Test_PMS_Invention" tests="1" failures="1" timestamp="2 Apr 2014 06:45:56 GMT" time="7.73" errors="0">
  <testcase name="createInvention" time="1.389" classname="com.patsnap.test.automation.testcase.PMS_testcase">
    <failure type="java.lang.AssertionError" message="expected [false] but found [true]">
        <![CDATA[java.lang.AssertionError: expected [false] but found [true]
	at BasePage.takeScreenshot(BasePage.java:100)
	at BasePage.doesExist(BasePage.java:44)
	at BasePage.selfcheck(BasePage.java:62)
	at com.patsnap.test.automation.testcase.PMS_testcase.createInvention(PMS_testcase.java:61)
... Removed 29 stack frames]]>
    </failure>
  </testcase> <!-- createInvention -->
</testsuite> <!-- Test_PMS_Invention -->
