<?xml version="1.0" encoding="UTF-8"?>
<!-- Generated by org.testng.reporters.JUnitXMLReporter -->
<testsuite hostname="shupan-zhihuiya" name="zhihuiya_fieldSearch" tests="1" failures="1" timestamp="18 Apr 2014 10:08:01 GMT" time="10.354" errors="0">
  <testcase name="fieldSearch" time="4.038" classname="com.patsnap.test.automation.testcase.Zhihuiya_testcase">
    <failure type="java.lang.AssertionError" message="expected [false] but found [true]">
      <![CDATA[java.lang.AssertionError: expected [false] but found [true]
	at com.patsnap.test.automation.testcase.Zhihuiya_testcase.fieldSearch(Zhihuiya_testcase.java:67)
... Removed 29 stack frames]]>
    </failure>
  </testcase> <!-- fieldSearch -->
</testsuite> <!-- zhihuiya_fieldSearch -->
