<?xml version="1.0" encoding="UTF-8"?>
<!-- Generated by org.testng.reporters.JUnitXMLReporter -->
<testsuite hostname="NHSHITNB72370" name="Test_yhd_firefox" tests="4" failures="0" timestamp="7 Mar 2014 08:42:16 GMT" time="76.796" errors="0">
  <testcase name="yhd_test_001_login" time="14.129" classname="org.hq.autotest.business.testcase.FrameworkTest"/>
  <testcase name="yhd_test_002_search" time="29.998" classname="org.hq.autotest.business.testcase.FrameworkTest"/>
  <testcase name="yhd_test_003_addItem" time="16.991" classname="org.hq.autotest.business.testcase.FrameworkTest"/>
  <testcase name="yhd_test_004_clearCart" time="0.785" classname="org.hq.autotest.business.testcase.FrameworkTest"/>
</testsuite> <!-- Test_yhd_firefox -->
