<?xml version="1.0" encoding="UTF-8"?>
<!-- Generated by org.testng.reporters.JUnitXMLReporter -->
<testsuite hostname="NHSHITNB72370" name="Test_yhd" tests="4" failures="0" timestamp="5 Mar 2014 06:49:35 GMT" time="118.799" errors="0">
  <testcase name="yhd_login_test" time="2.776" classname="org.hq.autotest.business.testcase.FrameworkTest"/>
  <testcase name="yhd_search_test" time="101.072" classname="org.hq.autotest.business.testcase.FrameworkTest"/>
  <testcase name="yhd_addItem_test" time="7.282" classname="org.hq.autotest.business.testcase.FrameworkTest"/>
  <testcase name="yhd_clearCart_test" time="0.801" classname="org.hq.autotest.business.testcase.FrameworkTest"/>
</testsuite> <!-- Test_yhd -->
